<?xml version="1.0" encoding="UTF-8"?>
<!-- Generated by org.testng.reporters.JUnitXMLReporter -->
<testsuite ignored="0" hostname="LTIN549345" failures="0" tests="3" name="Submit Order Test" time="29.226" errors="0" timestamp="2025-10-13T15:44:33 IST">
  <testcase classname="Main.Tests.SubmitOrderTest" name="SubmitOrder" time="4.918"/>
  <testcase classname="Main.Tests.SubmitOrderTest" name="SubmitOrder" time="4.77"/>
  <testcase classname="Main.Tests.SubmitOrderTest" name="OrderHistoryTest" time="0.903"/>
</testsuite> <!-- Submit Order Test -->
