<?xml version="1.0" encoding="UTF-8"?>
<!-- Generated by org.testng.reporters.JUnitXMLReporter -->
<testsuite ignored="0" hostname="CPC-vijay-O8W9X" failures="0" tests="3" name="Error Validations Test" time="39.912" errors="0" timestamp="2025-10-29T15:19:50 IST">
  <testcase classname="Main.Tests.ErrorValidations" name="LoginErrorValidations" time="10.745">
    <skipped/>
  </testcase> <!-- LoginErrorValidations -->
  <testcase classname="Main.Tests.ErrorValidations" name="LoginErrorValidations" time="3.718"/>
  <testcase classname="Main.Tests.ErrorValidations" name="ProductErrorValidations" time="5.558"/>
</testsuite> <!-- Error Validations Test -->
