<?xml version="1.0" encoding="UTF-8"?>
<!-- Generated by org.testng.reporters.JUnitXMLReporter -->
<testsuite ignored="0" hostname="CPC-vijay-O8W9X" failures="0" tests="3" name="Submit Order Test" time="38.152" errors="0" timestamp="2025-10-29T15:19:49 IST">
  <testcase classname="Main.Tests.SubmitOrderTest" name="SubmitOrder" time="6.076"/>
  <testcase classname="Main.Tests.SubmitOrderTest" name="SubmitOrder" time="6.909"/>
  <testcase classname="Main.Tests.SubmitOrderTest" name="OrderHistoryTest" time="4.463"/>
</testsuite> <!-- Submit Order Test -->
