<?xml version="1.0" encoding="UTF-8"?>
<testsuite xmlns:xsi="http://www.w3.org/2001/XMLSchema-instance" xsi:noNamespaceSchemaLocation="https://maven.apache.org/surefire/maven-surefire-plugin/xsd/surefire-test-report.xsd" version="3.0.2" name="TestSuite" time="40.843" tests="6" errors="0" skipped="1" failures="0">
  <properties>
[...]
</properties>
  <testcase name="SubmitOrder[{password=Selenium@1, email=ck412@gmail.com, productName=ZARA COAT 3}](1)" classname="Main.Tests.SubmitOrderTest" time="6.09">
    <system-out><![CDATA[THANKYOU FOR THE ORDER.
]]></system-out>
    <system-err><![CDATA[SLF4J(W): No SLF4J providers were found.
SLF4J(W): Defaulting to no-operation (NOP) logger implementation
SLF4J(W): See https://www.slf4j.org/codes.html#noProviders for further details.
Oct 29, 2025 3:19:13 PM org.openqa.selenium.devtools.CdpVersionFinder findNearestMatch
WARNING: Unable to find an exact match for CDP version 141, returning the closest version; found: 139; Please update to a Selenium version that supports CDP version 141
Oct 29, 2025 3:19:13 PM org.openqa.selenium.devtools.CdpVersionFinder findNearestMatch
WARNING: Unable to find an exact match for CDP version 141, returning the closest version; found: 139; Please update to a Selenium version that supports CDP version 141
]]></system-err>
  </testcase>
  <testcase name="SubmitOrder[{password=Selenium@0, email=kc0000@gmail.com, productName=ADIDAS ORIGINAL}](2)" classname="Main.Tests.SubmitOrderTest" time="6.93">
    <system-out><![CDATA[THANKYOU FOR THE ORDER.
]]></system-out>
    <system-err><![CDATA[Oct 29, 2025 3:19:37 PM org.openqa.selenium.devtools.CdpVersionFinder findNearestMatch
WARNING: Unable to find an exact match for CDP version 141, returning the closest version; found: 139; Please update to a Selenium version that supports CDP version 141
]]></system-err>
  </testcase>
  <testcase name="OrderHistoryTest" classname="Main.Tests.SubmitOrderTest" time="4.465">
    <system-err><![CDATA[Oct 29, 2025 3:19:41 PM org.openqa.selenium.devtools.CdpVersionFinder findNearestMatch
WARNING: Unable to find an exact match for CDP version 141, returning the closest version; found: 139; Please update to a Selenium version that supports CDP version 141
]]></system-err>
  </testcase>
  <testcase name="LoginErrorValidations" classname="Main.Tests.ErrorValidations" time="0.0">
    <skipped message="stale element reference: stale element not found in the current frame&#10;  (Session info: chrome=141.0.7390.123)&#10;For documentation on this error, please visit: https://www.selenium.dev/documentation/webdriver/troubleshooting/errors#stale-element-reference-exception&#10;Build info: version: &apos;4.35.0&apos;, revision: &apos;1c58e5028b&apos;&#10;System info: os.name: &apos;Windows 11&apos;, os.arch: &apos;amd64&apos;, os.version: &apos;10.0&apos;, java.version: &apos;21.0.9&apos;&#10;Driver info: org.openqa.selenium.chrome.ChromeDriver&#10;Command: [6e60004f647ab9e1868c4a05bcca0ff8, isElementDisplayed {id=f.E844F2573B6157965288D0CB3BB0F786.d.BCC2A4FD35EF5BE988CECA8E48A88D2D.e.16}]&#10;Capabilities {acceptInsecureCerts: false, browserName: chrome, browserVersion: 141.0.7390.123, chrome: {chromedriverVersion: 141.0.7390.122 (b477534e7e1..., userDataDir: C:\Users\vijayc2\AppData\Lo...}, fedcm:accounts: true, goog:chromeOptions: {debuggerAddress: localhost:50038}, networkConnectionEnabled: false, pageLoadStrategy: normal, platformName: windows, proxy: Proxy(), se:cdp: ws://localhost:50038/devtoo..., se:cdpVersion: 141.0.7390.123, setWindowRect: true, strictFileInteractability: false, timeouts: {implicit: 0, pageLoad: 300000, script: 30000}, unhandledPromptBehavior: dismiss and notify, webauthn:extension:credBlob: true, webauthn:extension:largeBlob: true, webauthn:extension:minPinLength: true, webauthn:extension:prf: true, webauthn:virtualAuthenticators: true}&#10;Element: [[ChromeDriver: chrome on windows (6e60004f647ab9e1868c4a05bcca0ff8)] -&gt; css selector: [class*=&apos;flyInOut&apos;]]&#10;Session ID: 6e60004f647ab9e1868c4a05bcca0ff8"/>
  </testcase>
  <testcase name="LoginErrorValidations" classname="Main.Tests.ErrorValidations" time="3.578">
    <system-err><![CDATA[Oct 29, 2025 3:19:27 PM org.openqa.selenium.devtools.CdpVersionFinder findNearestMatch
WARNING: Unable to find an exact match for CDP version 141, returning the closest version; found: 139; Please update to a Selenium version that supports CDP version 141
Oct 29, 2025 3:19:30 PM org.openqa.selenium.devtools.CdpVersionFinder findNearestMatch
WARNING: Unable to find an exact match for CDP version 141, returning the closest version; found: 139; Please update to a Selenium version that supports CDP version 141
]]></system-err>
  </testcase>
  <testcase name="ProductErrorValidations" classname="Main.Tests.ErrorValidations" time="5.403"/>
</testsuite>